0 info it worked if it ends with ok
1 verbose cli [ 'c:\\Program Files\\nodejs\\\\node.exe',
1 verbose cli   'c:\\Program Files\\nodejs\\node_modules\\npm\\bin\\npm-cli.js',
1 verbose cli   'run',
1 verbose cli   'tart' ]
2 info using npm@1.3.14
3 info using node@v0.10.22
4 verbose node symlink c:\Program Files\nodejs\\node.exe
5 error Error: ENOENT, open 'c:\GitHub\atp-rest\src\package.json'
6 error If you need help, you may report this log at:
6 error     <http://github.com/isaacs/npm/issues>
6 error or email it to:
6 error     <npm-@googlegroups.com>
7 error System Windows_NT 6.1.7601
8 error command "c:\\Program Files\\nodejs\\\\node.exe" "c:\\Program Files\\nodejs\\node_modules\\npm\\bin\\npm-cli.js" "run" "tart"
9 error cwd c:\GitHub\atp-rest\src
10 error node -v v0.10.22
11 error npm -v 1.3.14
12 error path c:\GitHub\atp-rest\src\package.json
13 error code ENOENT
14 error errno 34
15 verbose exit [ 34, true ]
